2023-03-02T17:31:56.349+0800 [INFO]  Terraform version: 1.3.4
2023-03-02T17:31:56.350+0800 [DEBUG] using github.com/hashicorp/go-tfe v1.9.0
2023-03-02T17:31:56.350+0800 [DEBUG] using github.com/hashicorp/hcl/v2 v2.14.1
2023-03-02T17:31:56.350+0800 [DEBUG] using github.com/hashicorp/terraform-config-inspect v0.0.0-20210209133302-4fd17a0faac2
2023-03-02T17:31:56.350+0800 [DEBUG] using github.com/hashicorp/terraform-svchost v0.0.0-20200729002733-f050f53b9734
2023-03-02T17:31:56.350+0800 [DEBUG] using github.com/zclconf/go-cty v1.12.0
2023-03-02T17:31:56.350+0800 [INFO]  Go runtime version: go1.19.3
2023-03-02T17:31:56.350+0800 [INFO]  CLI args: []string{"terraform", "init"}
2023-03-02T17:31:56.350+0800 [TRACE] Stdout is a terminal of width 139
2023-03-02T17:31:56.350+0800 [TRACE] Stderr is a terminal of width 139
2023-03-02T17:31:56.350+0800 [TRACE] Stdin is a terminal
2023-03-02T17:31:56.350+0800 [DEBUG] Attempting to open CLI config file: /Users/luoyin/dev.tfrc
2023-03-02T17:31:56.350+0800 [INFO]  Loading CLI configuration from /Users/luoyin/dev.tfrc
2023-03-02T17:31:56.352+0800 [DEBUG] Not reading CLI config directory because config location is overridden by environment variable
2023-03-02T17:31:56.353+0800 [DEBUG] Explicit provider installation configuration is set
2023-03-02T17:31:56.353+0800 [TRACE] Selected provider installation method cliconfig.ProviderInstallationDirect with includes [] and excludes []
2023-03-02T17:31:56.355+0800 [INFO]  CLI command args: []string{"init"}
2023-03-22T22:14:19.169+0800 [INFO]  Terraform version: 1.3.4
2023-03-22T22:14:19.170+0800 [DEBUG] using github.com/hashicorp/go-tfe v1.9.0
2023-03-22T22:14:19.170+0800 [DEBUG] using github.com/hashicorp/hcl/v2 v2.14.1
2023-03-22T22:14:19.170+0800 [DEBUG] using github.com/hashicorp/terraform-config-inspect v0.0.0-20210209133302-4fd17a0faac2
2023-03-22T22:14:19.170+0800 [DEBUG] using github.com/hashicorp/terraform-svchost v0.0.0-20200729002733-f050f53b9734
2023-03-22T22:14:19.170+0800 [DEBUG] using github.com/zclconf/go-cty v1.12.0
2023-03-22T22:14:19.170+0800 [INFO]  Go runtime version: go1.19.3
2023-03-22T22:14:19.170+0800 [INFO]  CLI args: []string{"terraform", "init"}
2023-03-22T22:14:19.170+0800 [TRACE] Stdout is a terminal of width 142
2023-03-22T22:14:19.170+0800 [TRACE] Stderr is a terminal of width 142
2023-03-22T22:14:19.170+0800 [TRACE] Stdin is a terminal
2023-03-22T22:14:19.170+0800 [DEBUG] Attempting to open CLI config file: /Users/luoyin/dev.tfrc
2023-03-22T22:14:19.170+0800 [INFO]  Loading CLI configuration from /Users/luoyin/dev.tfrc
2023-03-22T22:14:19.170+0800 [DEBUG] Not reading CLI config directory because config location is overridden by environment variable
2023-03-22T22:14:19.170+0800 [DEBUG] Explicit provider installation configuration is set
2023-03-22T22:14:19.170+0800 [TRACE] Selected provider installation method cliconfig.ProviderInstallationDirect with includes [] and excludes []
2023-03-22T22:14:19.171+0800 [INFO]  CLI command args: []string{"init"}
